V  Model Weighting Parameters: Large value forces change at boundary or layer   
  I   DD(I) Inv S     depth/range          I   DD(I) Inv S     depth/range
--------------------------------------------------------------------------------
  1    0.80 Bdy 1      2.00             | 43    0.10 Bdy 1    180.00            
  2    0.80 Bdy 1      4.00             | 44    0.10 Bdy 1    190.00            
  3    0.80 Bdy 1      6.00             | 45    0.10 Bdy 1    200.00            
  4    0.80 Bdy 1      8.00             | 46    0.10 Bdy 1    210.00            
  5    0.80 Bdy 1     10.00             | 47    0.10 Bdy 1    220.00            
  6    0.80 Bdy 1     12.00             | 48    0.10 Bdy 1    230.00            
  7    0.80 Bdy 1     14.00             | 49    0.10 Bdy 1    240.00            
  8    0.80 Bdy 1     16.00             | 50    0.10 Bdy 1    250.00            
  9    0.80 Bdy 1     18.00             | 51    0.10 Bdy 1    260.00            
 10    1.00 Bdy 1     20.00             | 52    0.10 Bdy 1    270.00            
 11    1.00 Bdy 1     22.00             | 53    0.10 Bdy 1    280.00            
 12    1.00 Bdy 1     24.00             | 54    0.10 Bdy 1    290.00            
 13    1.00 Bdy 1     26.00             | 55    0.10 Bdy 1    300.00            
 14    1.00 Bdy 1     28.00             | 56    0.10 Bdy 1    310.00            
 15    1.00 Bdy 1     30.00             | 57    0.10 Bdy 1    320.00            
 16    1.00 Bdy 1     32.00             | 58    0.10 Bdy 1    330.00            
 17    1.00 Bdy 1     34.00             | 59    0.10 Bdy 1    340.00            
 18    1.00 Bdy 1     36.00             | 60    0.10 Bdy 1    350.00            
 19    1.00 Bdy 1     38.00             | 61    0.10 Bdy 1    360.00            
 20    1.00 Bdy 1     40.00             | 62    0.10 Bdy 1    370.00            
 21    1.00 Bdy 1     42.00             | 63    0.10 Bdy 1    380.00            
 22    1.00 Bdy 1     44.00             | 64    0.10 Bdy 1    390.00            
 23    1.00 Bdy 1     46.00             | 65    0.00 Bdy 1    400.00            
 24    1.00 Bdy 1     48.00             | 66    0.00 Bdy 1    410.00            
 25    0.90 Bdy 1     50.00             | 67    0.00 Bdy 1    420.00            
 26    0.80 Bdy 1     55.00             | 68    0.00 Bdy 1    430.00            
 27    0.70 Bdy 1     60.00             | 69    0.00 Bdy 1    440.00            
 28    0.60 Bdy 1     65.00             | 70    0.00 Bdy 1    450.00            
 29    0.50 Bdy 1     70.00             | 71    0.00 Bdy 1    460.00            
 30    0.40 Bdy 1     75.00             | 72    0.00 Bdy 1    470.00            
 31    0.30 Bdy 1     80.00             | 73    0.00 Bdy 1    480.00            
 32    0.20 Bdy 1     85.00             | 74    0.00 Bdy 1    490.00            
 33    0.10 Bdy 1     90.00             | 75    0.00 Bdy 1    500.00            
 34    0.10 Bdy 1     95.00             | 76    0.00 Bdy 1    510.00            
 35    0.10 Bdy 1    100.00             | 77    0.00 Bdy 1    520.00            
 36    0.10 Bdy 1    110.00             | 78    0.00 Bdy 1    530.00            
 37    0.10 Bdy 1    120.00             | 79    0.00 Bdy 1    540.00            
 38    0.10 Bdy 1    130.00             | 80    0.00 Bdy 1    550.00            
 39    0.10 Bdy 1    140.00             | 81    0.00 Bdy 1    560.00            
 40    0.10 Bdy 1    150.00             | 82    0.00 Bdy 1    570.00            
 41    0.10 Bdy 1    160.00             | 83    0.00 Lyr 1    570.00-   9999.00 
 42    0.10 Bdy 1    170.00             |                                       
--------------------------------------------------------------------------------
 Bdy - get velocity change at boundary
 Lyr - get velocity in layer
 S =0 Vp fixed, S=1 Vp/Vs fixed in layer
 Use option 30 to change how Vp obtained
 Use option 31 to change layer weight
 Use option 48 to change layer smoothing
 Use option 45 to redisplay this menu
